<?xml version="1.0" encoding="UTF-8"?>
<!-- Generated by org.testng.reporters.JUnitReportReporter -->
<testsuite skipped="1" hostname="abhi-PC" name="Mode.Attendant_Mode" tests="2" failures="0" timestamp="22 Mar 2018 17:17:20 GMT" time="8.819" errors="0">
  <testcase name="Kiosk" time="8.819" classname="Mode.Attendant_Mode"/>
  <testcase name="Attendant" classname="Mode.Attendant_Mode">
    <skipped/>
  </testcase> <!-- Attendant -->
</testsuite> <!-- Mode.Attendant_Mode -->
