<?xml version="1.0" encoding="UTF-8"?>
<!-- Generated by org.testng.reporters.JUnitReportReporter -->
<testsuite skipped="0" hostname="abhi-PC" name="AddgenericinfowithAllergies.Delete_patient_Details" tests="2" failures="0" timestamp="18 Mar 2018 15:26:04 GMT" time="15.312" errors="0">
  <testcase name="Delete_patient_details" time="11.009" classname="AddgenericinfowithAllergies.Delete_patient_Details"/>
  <testcase name="Delete_prescriptions" time="4.303" classname="AddgenericinfowithAllergies.Delete_patient_Details"/>
</testsuite> <!-- AddgenericinfowithAllergies.Delete_patient_Details -->
