<?xml version="1.0" encoding="UTF-8"?>
<!-- Generated by org.testng.reporters.JUnitReportReporter -->
<testsuite skipped="0" hostname="abhi-PC" name="medicine.Search_By_Medicine_Name" tests="1" failures="0" timestamp="22 Mar 2018 16:51:00 GMT" time="17.394" errors="0">
  <testcase name="add_new_prescription_For_Patient" time="17.394" classname="medicine.Search_By_Medicine_Name"/>
</testsuite> <!-- medicine.Search_By_Medicine_Name -->
