<?xml version="1.0" encoding="UTF-8"?>
<!-- Generated by org.testng.reporters.JUnitReportReporter -->
<testsuite skipped="0" hostname="abhi-PC" name="ActivateOPD.Send_Feedback" tests="1" failures="0" timestamp="21 Mar 2018 16:35:59 GMT" time="12.986" errors="0">
  <testcase name="Feedback" time="12.986" classname="ActivateOPD.Send_Feedback"/>
</testsuite> <!-- ActivateOPD.Send_Feedback -->
